# JRE version: OpenJDK Runtime Environment (17.0.11) (build 17.0.11+0--11852314)
# Java VM: OpenJDK 64-Bit Server VM (17.0.11+0--11852314, mixed mode, tiered, compressed oops, compressed class ptrs, g1 gc, windows-amd64)
GC Precious Log:
 CPUs: 12 total, 12 available
 Memory: 7528M
 Large Page Support: Disabled
 NUMA Support: Disabled
 Compressed Oops: Enabled (32-bit)
 Heap Region Size: 1M
 Heap Min Capacity: 8M
 Heap Initial Capacity: 118M
 Heap Max Capacity: 2G
 Pre-touch: Disabled
 Parallel Workers: 10
 Concurrent Workers: 3
 Concurrent Refinement Workers: 10
 Periodic GC: Disabled
Heap:
 garbage-first heap   total 364544K, used 172479K [0x0000000080000000, 0x0000000100000000)
  region size 1024K, 4 young (4096K), 4 survivors (4096K)
 Metaspace       used 146907K, committed 148096K, reserved 1179648K
  class space    used 20574K, committed 21120K, reserved 1048576K
GC Heap History (20 events):
Event: 54.752 GC heap after
{Heap after GC invocations=47 (full 0):
 garbage-first heap   total 358400K, used 157569K [0x0000000080000000, 0x0000000100000000)
  region size 1024K, 2 young (2048K), 2 survivors (2048K)
 Metaspace       used 128006K, committed 129024K, reserved 1179648K
  class space    used 17377K, committed 17856K, reserved 1048576K
}
Event: 54.884 GC heap before
{Heap before GC invocations=47 (full 0):
 garbage-first heap   total 358400K, used 171905K [0x0000000080000000, 0x0000000100000000)
  region size 1024K, 17 young (17408K), 2 survivors (2048K)
 Metaspace       used 129706K, committed 130752K, reserved 1179648K
  class space    used 17623K, committed 18112K, reserved 1048576K
}
Event: 54.890 GC heap after
{Heap after GC invocations=48 (full 0):
 garbage-first heap   total 358400K, used 156529K [0x0000000080000000, 0x0000000100000000)
  region size 1024K, 2 young (2048K), 2 survivors (2048K)
 Metaspace       used 129706K, committed 130752K, reserved 1179648K
  class space    used 17623K, committed 18112K, reserved 1048576K
}
Event: 55.470 GC heap before
{Heap before GC invocations=48 (full 0):
 garbage-first heap   total 358400K, used 274289K [0x0000000080000000, 0x0000000100000000)
  region size 1024K, 118 young (120832K), 2 survivors (2048K)
 Metaspace       used 138103K, committed 139200K, reserved 1179648K
  class space    used 19429K, committed 19968K, reserved 1048576K
}
Event: 55.478 GC heap after
{Heap after GC invocations=49 (full 0):
 garbage-first heap   total 358400K, used 160986K [0x0000000080000000, 0x0000000100000000)
  region size 1024K, 6 young (6144K), 6 survivors (6144K)
 Metaspace       used 138103K, committed 139200K, reserved 1179648K
  class space    used 19429K, committed 19968K, reserved 1048576K
}
Event: 56.283 GC heap before
{Heap before GC invocations=49 (full 0):
 garbage-first heap   total 358400K, used 281818K [0x0000000080000000, 0x0000000100000000)
  region size 1024K, 124 young (126976K), 6 survivors (6144K)
 Metaspace       used 142059K, committed 143168K, reserved 1179648K
  class space    used 20054K, committed 20608K, reserved 1048576K
}
Event: 56.292 GC heap after
{Heap after GC invocations=50 (full 0):
 garbage-first heap   total 358400K, used 163469K [0x0000000080000000, 0x0000000100000000)
  region size 1024K, 8 young (8192K), 8 survivors (8192K)
 Metaspace       used 142059K, committed 143168K, reserved 1179648K
  class space    used 20054K, committed 20608K, reserved 1048576K
}
Event: 56.977 GC heap before
{Heap before GC invocations=50 (full 0):
 garbage-first heap   total 358400K, used 273037K [0x0000000080000000, 0x0000000100000000)
  region size 1024K, 73 young (74752K), 8 survivors (8192K)
 Metaspace       used 144444K, committed 145536K, reserved 1179648K
  class space    used 20426K, committed 20992K, reserved 1048576K
}
Event: 56.986 GC heap after
{Heap after GC invocations=51 (full 0):
 garbage-first heap   total 358400K, used 202461K [0x0000000080000000, 0x0000000100000000)
  region size 1024K, 7 young (7168K), 7 survivors (7168K)
 Metaspace       used 144444K, committed 145536K, reserved 1179648K
  class space    used 20426K, committed 20992K, reserved 1048576K
}
Event: 66.578 GC heap before
{Heap before GC invocations=52 (full 0):
 garbage-first heap   total 358400K, used 325341K [0x0000000080000000, 0x0000000100000000)
  region size 1024K, 101 young (103424K), 7 survivors (7168K)
 Metaspace       used 144903K, committed 146048K, reserved 1179648K
  class space    used 20492K, committed 21056K, reserved 1048576K
}
Event: 66.602 GC heap after
{Heap after GC invocations=53 (full 0):
 garbage-first heap   total 358400K, used 165339K [0x0000000080000000, 0x0000000100000000)
  region size 1024K, 13 young (13312K), 13 survivors (13312K)
 Metaspace       used 144903K, committed 146048K, reserved 1179648K
  class space    used 20492K, committed 21056K, reserved 1048576K
}
Event: 66.650 GC heap before
{Heap before GC invocations=53 (full 0):
 garbage-first heap   total 358400K, used 168411K [0x0000000080000000, 0x0000000100000000)
  region size 1024K, 17 young (17408K), 13 survivors (13312K)
 Metaspace       used 144919K, committed 146048K, reserved 1179648K
  class space    used 20493K, committed 21056K, reserved 1048576K
}
Event: 66.722 GC heap after
{Heap after GC invocations=54 (full 0):
 garbage-first heap   total 358400K, used 140523K [0x0000000080000000, 0x0000000100000000)
  region size 1024K, 2 young (2048K), 2 survivors (2048K)
 Metaspace       used 144919K, committed 146048K, reserved 1179648K
  class space    used 20493K, committed 21056K, reserved 1048576K
}
Event: 1769.179 GC heap before
{Heap before GC invocations=54 (full 0):
 garbage-first heap   total 358400K, used 339179K [0x0000000080000000, 0x0000000100000000)
  region size 1024K, 126 young (129024K), 2 survivors (2048K)
 Metaspace       used 145362K, committed 146496K, reserved 1179648K
  class space    used 20501K, committed 21056K, reserved 1048576K
}
Event: 1769.249 GC heap after
{Heap after GC invocations=55 (full 0):
 garbage-first heap   total 358400K, used 146913K [0x0000000080000000, 0x0000000100000000)
  region size 1024K, 9 young (9216K), 9 survivors (9216K)
 Metaspace       used 145362K, committed 146496K, reserved 1179648K
  class space    used 20501K, committed 21056K, reserved 1048576K
}
Event: 1788.180 GC heap before
{Heap before GC invocations=55 (full 0):
 garbage-first heap   total 358400K, used 290273K [0x0000000080000000, 0x0000000100000000)
  region size 1024K, 148 young (151552K), 9 survivors (9216K)
 Metaspace       used 145821K, committed 146944K, reserved 1179648K
  class space    used 20532K, committed 21056K, reserved 1048576K
}
Event: 1788.190 GC heap after
{Heap after GC invocations=56 (full 0):
 garbage-first heap   total 358400K, used 146700K [0x0000000080000000, 0x0000000100000000)
  region size 1024K, 7 young (7168K), 7 survivors (7168K)
 Metaspace       used 145821K, committed 146944K, reserved 1179648K
  class space    used 20532K, committed 21056K, reserved 1048576K
}
Event: 1789.976 GC heap before
{Heap before GC invocations=56 (full 0):
 garbage-first heap   total 358400K, used 293132K [0x0000000080000000, 0x0000000100000000)
  region size 1024K, 149 young (152576K), 7 survivors (7168K)
 Metaspace       used 146350K, committed 147520K, reserved 1179648K
  class space    used 20568K, committed 21120K, reserved 1048576K
}
Event: 1790.048 GC heap after
{Heap after GC invocations=57 (full 0):
 garbage-first heap   total 358400K, used 170793K [0x0000000080000000, 0x0000000100000000)
  region size 1024K, 19 young (19456K), 19 survivors (19456K)
 Metaspace       used 146350K, committed 147520K, reserved 1179648K
  class space    used 20568K, committed 21120K, reserved 1048576K
}
Event: 2278.770 GC heap before
{Heap before GC invocations=57 (full 0):
 garbage-first heap   total 358400K, used 305961K [0x0000000080000000, 0x0000000100000000)
  region size 1024K, 130 young (133120K), 19 survivors (19456K)
 Metaspace       used 146907K, committed 148096K, reserved 1179648K
  class space    used 20574K, committed 21120K, reserved 1048576K
}

